<?xml version="1.0" encoding="UTF-8"?>
<!-- Generated by org.testng.reporters.JUnitReportReporter -->
<testsuite skipped="1" hostname="DESKTOP-FUMLMVD" name="tests.TestNGConcepts" tests="15" failures="1" timestamp="08 Jul 2020 00:26:50 GMT" time="0.143" errors="0">
  <testcase name="checkTitle" time="0.010" classname="tests.TestNGConcepts"/>
  <testcase name="dashboard" time="0.042" classname="tests.TestNGConcepts"/>
  <testcase name="checkTitle" time="0.006" classname="tests.TestNGConcepts"/>
  <testcase name="checkTitle" time="0.004" classname="tests.TestNGConcepts"/>
  <testcase name="checkTitle" time="0.005" classname="tests.TestNGConcepts"/>
  <testcase name="checkTitle" time="0.004" classname="tests.TestNGConcepts"/>
  <testcase name="checkTitle" time="0.007" classname="tests.TestNGConcepts"/>
  <testcase name="customerPage" time="0.003" classname="tests.TestNGConcepts"/>
  <testcase name="signIn" time="0.016" classname="tests.TestNGConcepts">
    <failure type="java.lang.AssertionError" message="expected [collage] but found [school]">
      <![CDATA[java.lang.AssertionError: expected [collage] but found [school]
at org.testng.Assert.fail(Assert.java:96)
at org.testng.Assert.failNotEquals(Assert.java:776)
at org.testng.Assert.assertEqualsImpl(Assert.java:137)
at org.testng.Assert.assertEquals(Assert.java:118)
at org.testng.Assert.assertEquals(Assert.java:453)
at org.testng.Assert.assertEquals(Assert.java:463)
at tests.TestNGConcepts.signIn(TestNGConcepts.java:14)
at sun.reflect.NativeMethodAccessorImpl.invoke0(Native Method)
at sun.reflect.NativeMethodAccessorImpl.invoke(NativeMethodAccessorImpl.java:62)
at sun.reflect.DelegatingMethodAccessorImpl.invoke(DelegatingMethodAccessorImpl.java:43)
at java.lang.reflect.Method.invoke(Method.java:498)
at org.testng.internal.MethodInvocationHelper.invokeMethod(MethodInvocationHelper.java:124)
at org.testng.internal.Invoker.invokeMethod(Invoker.java:583)
at org.testng.internal.Invoker.invokeTestMethod(Invoker.java:719)
at org.testng.internal.Invoker.invokeTestMethods(Invoker.java:989)
at org.testng.internal.TestMethodWorker.invokeTestMethods(TestMethodWorker.java:125)
at org.testng.internal.TestMethodWorker.run(TestMethodWorker.java:109)
at org.testng.TestRunner.privateRun(TestRunner.java:648)
at org.testng.TestRunner.run(TestRunner.java:505)
at org.testng.SuiteRunner.runTest(SuiteRunner.java:455)
at org.testng.SuiteRunner.runSequentially(SuiteRunner.java:450)
at org.testng.SuiteRunner.privateRun(SuiteRunner.java:415)
at org.testng.SuiteRunner.run(SuiteRunner.java:364)
at org.testng.SuiteRunnerWorker.runSuite(SuiteRunnerWorker.java:52)
at org.testng.SuiteRunnerWorker.run(SuiteRunnerWorker.java:84)
at org.testng.TestNG.runSuitesSequentially(TestNG.java:1208)
at org.testng.TestNG.runSuitesLocally(TestNG.java:1137)
at org.testng.TestNG.runSuites(TestNG.java:1049)
at org.testng.TestNG.run(TestNG.java:1017)
at org.testng.remote.AbstractRemoteTestNG.run(AbstractRemoteTestNG.java:115)
at org.testng.remote.RemoteTestNG.initAndRun(RemoteTestNG.java:251)
at org.testng.remote.RemoteTestNG.main(RemoteTestNG.java:77)
]]>
    </failure>
  </testcase> <!-- signIn -->
  <testcase name="logout" time="0.005" classname="tests.TestNGConcepts"/>
  <testcase name="checkTitle" time="0.015" classname="tests.TestNGConcepts"/>
  <testcase name="checkTitle" time="0.006" classname="tests.TestNGConcepts"/>
  <testcase name="checkTitle" time="0.012" classname="tests.TestNGConcepts"/>
  <testcase name="homePage" time="0.000" classname="tests.TestNGConcepts">
    <skipped/>
  </testcase> <!-- homePage -->
  <testcase name="checkTitle" time="0.008" classname="tests.TestNGConcepts"/>
</testsuite> <!-- tests.TestNGConcepts -->
